{
  "results" : [ {
    "uuid" : "f05dfe8c-9623-4f21-95d1-8633b3d452a6",
    "parentUuid" : "f18c86ad-4536-4adb-ba01-3d1faa677ab1",
    "name" : "divide",
    "suiteName" : "com.katalon.testops.junit.CalculatorJunit4Test",
    "status" : "PASSED",
    "start" : 1609402921525,
    "stop" : 1609402921530,
    "duration" : 5
  }, {
    "uuid" : "7feeb5db-bda2-49d2-8ca5-0cec416fb691",
    "parentUuid" : "f18c86ad-4536-4adb-ba01-3d1faa677ab1",
    "name" : "multiply",
    "suiteName" : "com.katalon.testops.junit.CalculatorJunit4Test",
    "status" : "PASSED",
    "start" : 1609402921523,
    "stop" : 1609402921534,
    "duration" : 11
  }, {
    "uuid" : "abaeaed8-959b-47fb-939a-d2bfe46b800c",
    "parentUuid" : "f18c86ad-4536-4adb-ba01-3d1faa677ab1",
    "name" : "divideByZeroIncomplete",
    "suiteName" : "com.katalon.testops.junit.CalculatorJunit4Test",
    "status" : "SKIPPED",
    "errorMessage" : "okie"
  }, {
    "uuid" : "749fea28-4ddf-4803-b79f-70115b7ac6b4",
    "parentUuid" : "612cb99d-4c9c-4ea5-8570-45fb86e30818",
    "name" : "test[1]",
    "suiteName" : "com.katalon.testops.junit.ParamsTest",
    "status" : "PASSED",
    "start" : 1609402921519,
    "stop" : 1609402921538,
    "duration" : 19
  }, {
    "uuid" : "1c36f404-d70f-4659-b283-78979dd3149f",
    "parentUuid" : "612cb99d-4c9c-4ea5-8570-45fb86e30818",
    "name" : "test[0]",
    "suiteName" : "com.katalon.testops.junit.ParamsTest",
    "status" : "PASSED",
    "start" : 1609402921519,
    "stop" : 1609402921543,
    "duration" : 24
  }, {
    "uuid" : "be96f402-73a9-4ea6-90d6-5a06473d5b3b",
    "parentUuid" : "f18c86ad-4536-4adb-ba01-3d1faa677ab1",
    "name" : "divideByZeroPassed",
    "suiteName" : "com.katalon.testops.junit.CalculatorJunit4Test",
    "status" : "PASSED",
    "start" : 1609402921518,
    "stop" : 1609402921543,
    "duration" : 25
  }, {
    "uuid" : "d6c5bcd5-a5a1-4b79-b851-3e68608e7339",
    "parentUuid" : "612cb99d-4c9c-4ea5-8570-45fb86e30818",
    "name" : "test[4]",
    "suiteName" : "com.katalon.testops.junit.ParamsTest",
    "status" : "FAILED",
    "errorMessage" : "expected:<3> but was:<4>",
    "stackTrace" : "java.lang.AssertionError: expected:<3> but was:<4>\n\tat org.junit.Assert.fail(Assert.java:89)\n\tat org.junit.Assert.failNotEquals(Assert.java:835)\n\tat org.junit.Assert.assertEquals(Assert.java:647)\n\tat org.junit.Assert.assertEquals(Assert.java:633)\n\tat com.katalon.testops.junit.ParamsTest.test(ParamsTest.java:34)\n\tat sun.reflect.NativeMethodAccessorImpl.invoke0(Native Method)\n\tat sun.reflect.NativeMethodAccessorImpl.invoke(NativeMethodAccessorImpl.java:62)\n\tat sun.reflect.DelegatingMethodAccessorImpl.invoke(DelegatingMethodAccessorImpl.java:43)\n\tat java.lang.reflect.Method.invoke(Method.java:498)\n\tat org.junit.runners.model.FrameworkMethod$1.runReflectiveCall(FrameworkMethod.java:59)\n\tat org.junit.internal.runners.model.ReflectiveCallable.run(ReflectiveCallable.java:12)\n\tat org.junit.runners.model.FrameworkMethod.invokeExplosively(FrameworkMethod.java:56)\n\tat org.junit.internal.runners.statements.InvokeMethod.evaluate(InvokeMethod.java:17)\n\tat org.junit.runners.ParentRunner$3.evaluate(ParentRunner.java:306)\n\tat org.junit.runners.BlockJUnit4ClassRunner$1.evaluate(BlockJUnit4ClassRunner.java:100)\n\tat org.junit.runners.ParentRunner.runLeaf(ParentRunner.java:366)\n\tat org.junit.runners.BlockJUnit4ClassRunner.runChild(BlockJUnit4ClassRunner.java:103)\n\tat org.junit.runners.BlockJUnit4ClassRunner.runChild(BlockJUnit4ClassRunner.java:63)\n\tat org.junit.runners.ParentRunner$4.run(ParentRunner.java:331)\n\tat org.apache.maven.surefire.junitcore.pc.Scheduler$1.run(Scheduler.java:410)\n\tat java.util.concurrent.Executors$RunnableAdapter.call(Executors.java:511)\n\tat java.util.concurrent.FutureTask.run(FutureTask.java:266)\n\tat java.util.concurrent.ThreadPoolExecutor.runWorker(ThreadPoolExecutor.java:1149)\n\tat java.util.concurrent.ThreadPoolExecutor$Worker.run(ThreadPoolExecutor.java:624)\n\tat java.lang.Thread.run(Thread.java:748)\n",
    "start" : 1609402921518,
    "stop" : 1609402921546,
    "duration" : 28,
    "attachments": [
      {
        "path": "testops-report/attachments/ss1.jpg"
      },
      {
        "path": "testops-report/attachments/ss2.jpeg"
      },
      {
        "path": "testops-report/attachments/t1.txt"
      }
    ]
  }, {
    "uuid" : "ddfb41e1-acf4-4845-85d5-6c648a827ed6",
    "parentUuid" : "612cb99d-4c9c-4ea5-8570-45fb86e30818",
    "name" : "test[3]",
    "suiteName" : "com.katalon.testops.junit.ParamsTest",
    "status" : "FAILED",
    "errorMessage" : "expected:<2> but was:<3>",
    "stackTrace" : "java.lang.AssertionError: expected:<2> but was:<3>\n\tat org.junit.Assert.fail(Assert.java:89)\n\tat org.junit.Assert.failNotEquals(Assert.java:835)\n\tat org.junit.Assert.assertEquals(Assert.java:647)\n\tat org.junit.Assert.assertEquals(Assert.java:633)\n\tat com.katalon.testops.junit.ParamsTest.test(ParamsTest.java:34)\n\tat sun.reflect.NativeMethodAccessorImpl.invoke0(Native Method)\n\tat sun.reflect.NativeMethodAccessorImpl.invoke(NativeMethodAccessorImpl.java:62)\n\tat sun.reflect.DelegatingMethodAccessorImpl.invoke(DelegatingMethodAccessorImpl.java:43)\n\tat java.lang.reflect.Method.invoke(Method.java:498)\n\tat org.junit.runners.model.FrameworkMethod$1.runReflectiveCall(FrameworkMethod.java:59)\n\tat org.junit.internal.runners.model.ReflectiveCallable.run(ReflectiveCallable.java:12)\n\tat org.junit.runners.model.FrameworkMethod.invokeExplosively(FrameworkMethod.java:56)\n\tat org.junit.internal.runners.statements.InvokeMethod.evaluate(InvokeMethod.java:17)\n\tat org.junit.runners.ParentRunner$3.evaluate(ParentRunner.java:306)\n\tat org.junit.runners.BlockJUnit4ClassRunner$1.evaluate(BlockJUnit4ClassRunner.java:100)\n\tat org.junit.runners.ParentRunner.runLeaf(ParentRunner.java:366)\n\tat org.junit.runners.BlockJUnit4ClassRunner.runChild(BlockJUnit4ClassRunner.java:103)\n\tat org.junit.runners.BlockJUnit4ClassRunner.runChild(BlockJUnit4ClassRunner.java:63)\n\tat org.junit.runners.ParentRunner$4.run(ParentRunner.java:331)\n\tat org.apache.maven.surefire.junitcore.pc.Scheduler$1.run(Scheduler.java:410)\n\tat java.util.concurrent.Executors$RunnableAdapter.call(Executors.java:511)\n\tat java.util.concurrent.FutureTask.run(FutureTask.java:266)\n\tat java.util.concurrent.ThreadPoolExecutor.runWorker(ThreadPoolExecutor.java:1149)\n\tat java.util.concurrent.ThreadPoolExecutor$Worker.run(ThreadPoolExecutor.java:624)\n\tat java.lang.Thread.run(Thread.java:748)\n",
    "start" : 1609402921523,
    "stop" : 1609402921546,
    "duration" : 23
  }, {
    "uuid" : "7155587b-16ed-4da0-ad55-ec51b8947317",
    "parentUuid" : "612cb99d-4c9c-4ea5-8570-45fb86e30818",
    "name" : "test[2]",
    "suiteName" : "com.katalon.testops.junit.ParamsTest",
    "status" : "FAILED",
    "errorMessage" : "expected:<1> but was:<2>",
    "stackTrace" : "java.lang.AssertionError: expected:<1> but was:<2>\n\tat org.junit.Assert.fail(Assert.java:89)\n\tat org.junit.Assert.failNotEquals(Assert.java:835)\n\tat org.junit.Assert.assertEquals(Assert.java:647)\n\tat org.junit.Assert.assertEquals(Assert.java:633)\n\tat com.katalon.testops.junit.ParamsTest.test(ParamsTest.java:34)\n\tat sun.reflect.NativeMethodAccessorImpl.invoke0(Native Method)\n\tat sun.reflect.NativeMethodAccessorImpl.invoke(NativeMethodAccessorImpl.java:62)\n\tat sun.reflect.DelegatingMethodAccessorImpl.invoke(DelegatingMethodAccessorImpl.java:43)\n\tat java.lang.reflect.Method.invoke(Method.java:498)\n\tat org.junit.runners.model.FrameworkMethod$1.runReflectiveCall(FrameworkMethod.java:59)\n\tat org.junit.internal.runners.model.ReflectiveCallable.run(ReflectiveCallable.java:12)\n\tat org.junit.runners.model.FrameworkMethod.invokeExplosively(FrameworkMethod.java:56)\n\tat org.junit.internal.runners.statements.InvokeMethod.evaluate(InvokeMethod.java:17)\n\tat org.junit.runners.ParentRunner$3.evaluate(ParentRunner.java:306)\n\tat org.junit.runners.BlockJUnit4ClassRunner$1.evaluate(BlockJUnit4ClassRunner.java:100)\n\tat org.junit.runners.ParentRunner.runLeaf(ParentRunner.java:366)\n\tat org.junit.runners.BlockJUnit4ClassRunner.runChild(BlockJUnit4ClassRunner.java:103)\n\tat org.junit.runners.BlockJUnit4ClassRunner.runChild(BlockJUnit4ClassRunner.java:63)\n\tat org.junit.runners.ParentRunner$4.run(ParentRunner.java:331)\n\tat org.apache.maven.surefire.junitcore.pc.Scheduler$1.run(Scheduler.java:410)\n\tat java.util.concurrent.Executors$RunnableAdapter.call(Executors.java:511)\n\tat java.util.concurrent.FutureTask.run(FutureTask.java:266)\n\tat java.util.concurrent.ThreadPoolExecutor.runWorker(ThreadPoolExecutor.java:1149)\n\tat java.util.concurrent.ThreadPoolExecutor$Worker.run(ThreadPoolExecutor.java:624)\n\tat java.lang.Thread.run(Thread.java:748)\n",
    "start" : 1609402921524,
    "stop" : 1609402921547,
    "duration" : 23
  }, {
    "uuid" : "04824688-bd0e-4c3b-8f57-d74c7c105733",
    "parentUuid" : "f18c86ad-4536-4adb-ba01-3d1faa677ab1",
    "name" : "divideByZeroError",
    "suiteName" : "com.katalon.testops.junit.CalculatorJunit4Test",
    "status" : "FAILED",
    "errorMessage" : "Divisor cannot be zero.",
    "stackTrace" : "java.lang.IllegalArgumentException: Divisor cannot be zero.\n\tat com.katalon.testops.junit.Calculator.divide(Calculator.java:19)\n\tat com.katalon.testops.junit.CalculatorJunit4Test.divideByZeroError(CalculatorJunit4Test.java:56)\n\tat sun.reflect.NativeMethodAccessorImpl.invoke0(Native Method)\n\tat sun.reflect.NativeMethodAccessorImpl.invoke(NativeMethodAccessorImpl.java:62)\n\tat sun.reflect.DelegatingMethodAccessorImpl.invoke(DelegatingMethodAccessorImpl.java:43)\n\tat java.lang.reflect.Method.invoke(Method.java:498)\n\tat org.junit.runners.model.FrameworkMethod$1.runReflectiveCall(FrameworkMethod.java:59)\n\tat org.junit.internal.runners.model.ReflectiveCallable.run(ReflectiveCallable.java:12)\n\tat org.junit.runners.model.FrameworkMethod.invokeExplosively(FrameworkMethod.java:56)\n\tat org.junit.internal.runners.statements.InvokeMethod.evaluate(InvokeMethod.java:17)\n\tat org.junit.internal.runners.statements.RunBefores.evaluate(RunBefores.java:26)\n\tat org.junit.runners.ParentRunner$3.evaluate(ParentRunner.java:306)\n\tat org.junit.runners.BlockJUnit4ClassRunner$1.evaluate(BlockJUnit4ClassRunner.java:100)\n\tat org.junit.runners.ParentRunner.runLeaf(ParentRunner.java:366)\n\tat org.junit.runners.BlockJUnit4ClassRunner.runChild(BlockJUnit4ClassRunner.java:103)\n\tat org.junit.runners.BlockJUnit4ClassRunner.runChild(BlockJUnit4ClassRunner.java:63)\n\tat org.junit.runners.ParentRunner$4.run(ParentRunner.java:331)\n\tat org.apache.maven.surefire.junitcore.pc.Scheduler$1.run(Scheduler.java:410)\n\tat java.util.concurrent.Executors$RunnableAdapter.call(Executors.java:511)\n\tat java.util.concurrent.FutureTask.run(FutureTask.java:266)\n\tat java.util.concurrent.ThreadPoolExecutor.runWorker(ThreadPoolExecutor.java:1149)\n\tat java.util.concurrent.ThreadPoolExecutor$Worker.run(ThreadPoolExecutor.java:624)\n\tat java.lang.Thread.run(Thread.java:748)\n",
    "start" : 1609402921525,
    "stop" : 1609402921547,
    "duration" : 22
  }, {
    "uuid" : "69ac3d4a-9f41-4ee0-9ced-9b829de68637",
    "parentUuid" : "f18c86ad-4536-4adb-ba01-3d1faa677ab1",
    "name" : "subtract",
    "suiteName" : "com.katalon.testops.junit.CalculatorJunit4Test",
    "status" : "PASSED",
    "start" : 1609402921525,
    "stop" : 1609402921549,
    "duration" : 24
  }, {
    "uuid" : "61f45a8e-2db8-4b1d-bd52-afe12e500c4a",
    "parentUuid" : "612cb99d-4c9c-4ea5-8570-45fb86e30818",
    "name" : "test[5]",
    "suiteName" : "com.katalon.testops.junit.ParamsTest",
    "status" : "PASSED",
    "start" : 1609402921525,
    "stop" : 1609402921551,
    "duration" : 26
  }, {
    "uuid" : "88cc76d7-917b-4866-9279-ca7c9f712f9d",
    "parentUuid" : "f18c86ad-4536-4adb-ba01-3d1faa677ab1",
    "name" : "divideByZeroFailed",
    "suiteName" : "com.katalon.testops.junit.CalculatorJunit4Test",
    "status" : "FAILED",
    "errorMessage" : "unexpected exception type thrown; expected:<java.lang.IllegalStateException> but was:<java.lang.IllegalArgumentException>",
    "stackTrace" : "java.lang.AssertionError: unexpected exception type thrown; expected:<java.lang.IllegalStateException> but was:<java.lang.IllegalArgumentException>\n\tat org.junit.Assert.assertThrows(Assert.java:1020)\n\tat org.junit.Assert.assertThrows(Assert.java:981)\n\tat com.katalon.testops.junit.CalculatorJunit4Test.divideByZeroFailed(CalculatorJunit4Test.java:49)\n\tat sun.reflect.NativeMethodAccessorImpl.invoke0(Native Method)\n\tat sun.reflect.NativeMethodAccessorImpl.invoke(NativeMethodAccessorImpl.java:62)\n\tat sun.reflect.DelegatingMethodAccessorImpl.invoke(DelegatingMethodAccessorImpl.java:43)\n\tat java.lang.reflect.Method.invoke(Method.java:498)\n\tat org.junit.runners.model.FrameworkMethod$1.runReflectiveCall(FrameworkMethod.java:59)\n\tat org.junit.internal.runners.model.ReflectiveCallable.run(ReflectiveCallable.java:12)\n\tat org.junit.runners.model.FrameworkMethod.invokeExplosively(FrameworkMethod.java:56)\n\tat org.junit.internal.runners.statements.InvokeMethod.evaluate(InvokeMethod.java:17)\n\tat org.junit.internal.runners.statements.RunBefores.evaluate(RunBefores.java:26)\n\tat org.junit.runners.ParentRunner$3.evaluate(ParentRunner.java:306)\n\tat org.junit.runners.BlockJUnit4ClassRunner$1.evaluate(BlockJUnit4ClassRunner.java:100)\n\tat org.junit.runners.ParentRunner.runLeaf(ParentRunner.java:366)\n\tat org.junit.runners.BlockJUnit4ClassRunner.runChild(BlockJUnit4ClassRunner.java:103)\n\tat org.junit.runners.BlockJUnit4ClassRunner.runChild(BlockJUnit4ClassRunner.java:63)\n\tat org.junit.runners.ParentRunner$4.run(ParentRunner.java:331)\n\tat org.apache.maven.surefire.junitcore.pc.Scheduler$1.run(Scheduler.java:410)\n\tat java.util.concurrent.Executors$RunnableAdapter.call(Executors.java:511)\n\tat java.util.concurrent.FutureTask.run(FutureTask.java:266)\n\tat java.util.concurrent.ThreadPoolExecutor.runWorker(ThreadPoolExecutor.java:1149)\n\tat java.util.concurrent.ThreadPoolExecutor$Worker.run(ThreadPoolExecutor.java:624)\n\tat java.lang.Thread.run(Thread.java:748)\nCaused by: java.lang.IllegalArgumentException: Divisor cannot be zero.\n\tat com.katalon.testops.junit.Calculator.divide(Calculator.java:19)\n\tat com.katalon.testops.junit.CalculatorJunit4Test.lambda$divideByZeroFailed$0(CalculatorJunit4Test.java:50)\n\tat org.junit.Assert.assertThrows(Assert.java:1001)\n\t... 23 more\n",
    "start" : 1609402921522,
    "stop" : 1609402921551,
    "duration" : 29
  }, {
    "uuid" : "086be56b-9aa0-4265-9fe3-eae7c1604598",
    "parentUuid" : "f18c86ad-4536-4adb-ba01-3d1faa677ab1",
    "name" : "add",
    "suiteName" : "com.katalon.testops.junit.CalculatorJunit4Test",
    "status" : "PASSED",
    "start" : 1609402921546,
    "stop" : 1609402921553,
    "duration" : 7
  }, {
    "uuid" : "3d085aa2-c20c-431a-8771-cf371b9e2dd7",
    "parentUuid" : "612cb99d-4c9c-4ea5-8570-45fb86e30818",
    "name" : "test[6]",
    "suiteName" : "com.katalon.testops.junit.ParamsTest",
    "status" : "FAILED",
    "errorMessage" : "expected:<8> but was:<6>",
    "stackTrace" : "java.lang.AssertionError: expected:<8> but was:<6>\n\tat org.junit.Assert.fail(Assert.java:89)\n\tat org.junit.Assert.failNotEquals(Assert.java:835)\n\tat org.junit.Assert.assertEquals(Assert.java:647)\n\tat org.junit.Assert.assertEquals(Assert.java:633)\n\tat com.katalon.testops.junit.ParamsTest.test(ParamsTest.java:34)\n\tat sun.reflect.NativeMethodAccessorImpl.invoke0(Native Method)\n\tat sun.reflect.NativeMethodAccessorImpl.invoke(NativeMethodAccessorImpl.java:62)\n\tat sun.reflect.DelegatingMethodAccessorImpl.invoke(DelegatingMethodAccessorImpl.java:43)\n\tat java.lang.reflect.Method.invoke(Method.java:498)\n\tat org.junit.runners.model.FrameworkMethod$1.runReflectiveCall(FrameworkMethod.java:59)\n\tat org.junit.internal.runners.model.ReflectiveCallable.run(ReflectiveCallable.java:12)\n\tat org.junit.runners.model.FrameworkMethod.invokeExplosively(FrameworkMethod.java:56)\n\tat org.junit.internal.runners.statements.InvokeMethod.evaluate(InvokeMethod.java:17)\n\tat org.junit.runners.ParentRunner$3.evaluate(ParentRunner.java:306)\n\tat org.junit.runners.BlockJUnit4ClassRunner$1.evaluate(BlockJUnit4ClassRunner.java:100)\n\tat org.junit.runners.ParentRunner.runLeaf(ParentRunner.java:366)\n\tat org.junit.runners.BlockJUnit4ClassRunner.runChild(BlockJUnit4ClassRunner.java:103)\n\tat org.junit.runners.BlockJUnit4ClassRunner.runChild(BlockJUnit4ClassRunner.java:63)\n\tat org.junit.runners.ParentRunner$4.run(ParentRunner.java:331)\n\tat org.apache.maven.surefire.junitcore.pc.Scheduler$1.run(Scheduler.java:410)\n\tat java.util.concurrent.Executors$RunnableAdapter.call(Executors.java:511)\n\tat java.util.concurrent.FutureTask.run(FutureTask.java:266)\n\tat java.util.concurrent.ThreadPoolExecutor.runWorker(ThreadPoolExecutor.java:1149)\n\tat java.util.concurrent.ThreadPoolExecutor$Worker.run(ThreadPoolExecutor.java:624)\n\tat java.lang.Thread.run(Thread.java:748)\n",
    "start" : 1609402921532,
    "stop" : 1609402921554,
    "duration" : 22
  } ]
}